mode: set
sberTestTask/internal/todo/delivery/api/handler.go:23.50,25.2 1 1
sberTestTask/internal/todo/delivery/api/handler.go:27.70,29.62 2 1
sberTestTask/internal/todo/delivery/api/handler.go:29.62,32.3 2 1
sberTestTask/internal/todo/delivery/api/handler.go:33.2,33.44 1 1
sberTestTask/internal/todo/delivery/api/handler.go:33.44,36.3 2 1
sberTestTask/internal/todo/delivery/api/handler.go:38.2,38.60 1 1
sberTestTask/internal/todo/delivery/api/handler.go:38.60,41.3 2 1
sberTestTask/internal/todo/delivery/api/handler.go:42.2,43.33 2 1
sberTestTask/internal/todo/delivery/api/handler.go:46.67,48.16 2 1
sberTestTask/internal/todo/delivery/api/handler.go:48.16,51.3 2 1
sberTestTask/internal/todo/delivery/api/handler.go:52.2,53.16 2 1
sberTestTask/internal/todo/delivery/api/handler.go:53.16,56.3 2 1
sberTestTask/internal/todo/delivery/api/handler.go:57.2,57.33 1 1
sberTestTask/internal/todo/delivery/api/handler.go:60.70,62.16 2 1
sberTestTask/internal/todo/delivery/api/handler.go:62.16,65.3 2 0
sberTestTask/internal/todo/delivery/api/handler.go:67.2,68.16 2 1
sberTestTask/internal/todo/delivery/api/handler.go:68.16,71.3 2 1
sberTestTask/internal/todo/delivery/api/handler.go:73.2,74.65 2 1
sberTestTask/internal/todo/delivery/api/handler.go:74.65,77.3 2 1
sberTestTask/internal/todo/delivery/api/handler.go:79.2,80.16 2 1
sberTestTask/internal/todo/delivery/api/handler.go:80.16,83.3 2 0
sberTestTask/internal/todo/delivery/api/handler.go:85.2,85.67 1 1
sberTestTask/internal/todo/delivery/api/handler.go:85.67,88.3 2 1
sberTestTask/internal/todo/delivery/api/handler.go:90.2,91.40 2 1
sberTestTask/internal/todo/delivery/api/handler.go:94.70,96.16 2 1
sberTestTask/internal/todo/delivery/api/handler.go:96.16,99.3 2 1
sberTestTask/internal/todo/delivery/api/handler.go:100.2,100.57 1 1
sberTestTask/internal/todo/delivery/api/handler.go:100.57,103.3 2 1
sberTestTask/internal/todo/delivery/api/handler.go:104.2,105.16 2 1
sberTestTask/internal/todo/delivery/api/handler.go:105.16,108.3 2 1
sberTestTask/internal/todo/delivery/api/handler.go:109.2,109.30 1 1
sberTestTask/internal/todo/delivery/api/handler.go:112.69,115.72 2 1
sberTestTask/internal/todo/delivery/api/handler.go:115.72,117.17 2 1
sberTestTask/internal/todo/delivery/api/handler.go:117.17,120.4 2 1
sberTestTask/internal/todo/delivery/api/handler.go:121.3,121.28 1 1
sberTestTask/internal/todo/delivery/api/handler.go:124.2,125.57 2 1
sberTestTask/internal/todo/delivery/api/handler.go:125.57,127.17 2 1
sberTestTask/internal/todo/delivery/api/handler.go:127.17,130.4 2 1
sberTestTask/internal/todo/delivery/api/handler.go:131.3,131.24 1 1
sberTestTask/internal/todo/delivery/api/handler.go:134.2,136.30 3 1
sberTestTask/internal/todo/delivery/api/handler.go:136.30,138.3 1 1
sberTestTask/internal/todo/delivery/api/handler.go:140.2,142.29 3 1
sberTestTask/internal/todo/delivery/api/handler.go:142.29,144.3 1 1
sberTestTask/internal/todo/delivery/api/handler.go:146.2,147.16 2 1
sberTestTask/internal/todo/delivery/api/handler.go:147.16,150.3 2 1
sberTestTask/internal/todo/delivery/api/handler.go:151.2,151.34 1 1
sberTestTask/internal/todo/delivery/api/handler.go:153.86,154.34 1 1
sberTestTask/internal/todo/delivery/api/handler.go:154.34,155.14 1 1
sberTestTask/internal/todo/delivery/api/handler.go:156.16,157.35 1 1
sberTestTask/internal/todo/delivery/api/handler.go:157.35,159.5 1 1
sberTestTask/internal/todo/delivery/api/handler.go:160.22,161.35 1 0
sberTestTask/internal/todo/delivery/api/handler.go:161.35,163.5 1 0
sberTestTask/internal/todo/delivery/api/handler.go:164.19,165.35 1 0
sberTestTask/internal/todo/delivery/api/handler.go:165.35,167.19 2 0
sberTestTask/internal/todo/delivery/api/handler.go:167.19,169.6 1 0
sberTestTask/internal/todo/delivery/api/handler.go:170.5,170.28 1 0
sberTestTask/internal/todo/delivery/api/handler.go:172.20,173.33 1 0
sberTestTask/internal/todo/delivery/api/handler.go:173.33,175.5 1 0
sberTestTask/internal/todo/delivery/api/handler.go:178.2,178.18 1 1
sberTestTask/internal/todo/delivery/api/handler.go:180.42,181.22 1 1
sberTestTask/internal/todo/delivery/api/handler.go:181.22,183.3 1 1
sberTestTask/internal/todo/delivery/api/handler.go:184.2,184.25 1 1
sberTestTask/internal/todo/delivery/api/handler.go:184.25,186.3 1 0
sberTestTask/internal/todo/delivery/api/handler.go:187.2,187.12 1 1
sberTestTask/internal/todo/delivery/api/routes.go:9.51,23.2 7 0
